<?xml version="1.0" encoding="UTF-8"?>
<testng-results ignored="0" total="3" passed="3" failed="0" skipped="0">
  <reporter-output>
  </reporter-output>
  <suite started-at="2022-08-25T09:50:15 IST" name="Regression Suite" finished-at="2022-08-25T09:50:15 IST" duration-ms="173">
    <groups>
    </groups>
    <test started-at="2022-08-25T09:50:15 IST" name="Regression Test" finished-at="2022-08-25T09:50:15 IST" duration-ms="46">
      <class name="foodDelivery.Zomato">
        <test-method is-config="true" signature="f6()[pri:0, instance:foodDelivery.Zomato@49b0b76]" started-at="2022-08-25T09:50:15 IST" name="f6" finished-at="2022-08-25T09:50:15 IST" duration-ms="0" status="PASS">
          <reporter-output>
          </reporter-output>
        </test-method> <!-- f6 -->
        <test-method is-config="true" signature="f4()[pri:0, instance:foodDelivery.Zomato@49b0b76]" started-at="2022-08-25T09:50:15 IST" name="f4" finished-at="2022-08-25T09:50:15 IST" duration-ms="0" status="PASS">
          <reporter-output>
          </reporter-output>
        </test-method> <!-- f4 -->
        <test-method is-config="true" signature="f2()[pri:0, instance:foodDelivery.Zomato@49b0b76]" started-at="2022-08-25T09:50:15 IST" name="f2" finished-at="2022-08-25T09:50:15 IST" duration-ms="1" status="PASS">
          <reporter-output>
          </reporter-output>
        </test-method> <!-- f2 -->
        <test-method signature="f1(java.lang.String,java.lang.String)[pri:0, instance:foodDelivery.Zomato@49b0b76]" started-at="2022-08-25T09:50:15 IST" name="f1" finished-at="2022-08-25T09:50:15 IST" duration-ms="6" status="PASS">
          <params>
            <param index="0">
              <value>
                <![CDATA[firefox]]>
              </value>
            </param>
            <param index="1">
              <value>
                <![CDATA[https://www.google.com]]>
              </value>
            </param>
          </params>
          <reporter-output>
          </reporter-output>
        </test-method> <!-- f1 -->
        <test-method is-config="true" signature="f3()[pri:0, instance:foodDelivery.Zomato@49b0b76]" started-at="2022-08-25T09:50:15 IST" name="f3" finished-at="2022-08-25T09:50:15 IST" duration-ms="1" status="PASS">
          <reporter-output>
          </reporter-output>
        </test-method> <!-- f3 -->
        <test-method is-config="true" signature="f5()[pri:0, instance:foodDelivery.Zomato@49b0b76]" started-at="2022-08-25T09:50:15 IST" name="f5" finished-at="2022-08-25T09:50:15 IST" duration-ms="1" status="PASS">
          <reporter-output>
          </reporter-output>
        </test-method> <!-- f5 -->
        <test-method is-config="true" signature="f7()[pri:0, instance:foodDelivery.Zomato@49b0b76]" started-at="2022-08-25T09:50:15 IST" name="f7" finished-at="2022-08-25T09:50:15 IST" duration-ms="1" status="PASS">
          <reporter-output>
          </reporter-output>
        </test-method> <!-- f7 -->
      </class> <!-- foodDelivery.Zomato -->
    </test> <!-- Regression Test -->
    <test started-at="2022-08-25T09:50:15 IST" name="Automation Test" finished-at="2022-08-25T09:50:15 IST" duration-ms="3">
      <class name="foodDelivery.Swiggy">
        <test-method is-config="true" signature="sea()[pri:0, instance:foodDelivery.Swiggy@76508ed1]" started-at="2022-08-25T09:50:15 IST" name="sea" finished-at="2022-08-25T09:50:15 IST" duration-ms="0" status="PASS">
          <reporter-output>
          </reporter-output>
        </test-method> <!-- sea -->
        <test-method signature="display()[pri:0, instance:foodDelivery.Swiggy@76508ed1]" started-at="2022-08-25T09:50:15 IST" name="display" finished-at="2022-08-25T09:50:15 IST" duration-ms="1" status="PASS">
          <reporter-output>
          </reporter-output>
        </test-method> <!-- display -->
      </class> <!-- foodDelivery.Swiggy -->
    </test> <!-- Automation Test -->
    <test started-at="2022-08-25T09:50:15 IST" name="Smoke Test" finished-at="2022-08-25T09:50:15 IST" duration-ms="8">
      <class name="groceryDelivery.Blinkit">
        <test-method is-config="true" signature="track1()[pri:0, instance:groceryDelivery.Blinkit@3daa422a]" started-at="2022-08-25T09:50:15 IST" name="track1" finished-at="2022-08-25T09:50:15 IST" duration-ms="1" status="PASS">
          <reporter-output>
          </reporter-output>
        </test-method> <!-- track1 -->
        <test-method is-config="true" signature="f6()[pri:0, instance:groceryDelivery.Blinkit@3daa422a]" started-at="2022-08-25T09:50:15 IST" name="f6" finished-at="2022-08-25T09:50:15 IST" duration-ms="0" status="PASS">
          <reporter-output>
          </reporter-output>
        </test-method> <!-- f6 -->
        <test-method is-config="true" signature="sea2()[pri:0, instance:groceryDelivery.Blinkit@3daa422a]" started-at="2022-08-25T09:50:15 IST" name="sea2" finished-at="2022-08-25T09:50:15 IST" duration-ms="1" status="PASS">
          <reporter-output>
          </reporter-output>
        </test-method> <!-- sea2 -->
        <test-method signature="base()[pri:0, instance:groceryDelivery.Blinkit@3daa422a]" started-at="2022-08-25T09:50:15 IST" name="base" finished-at="2022-08-25T09:50:15 IST" duration-ms="2" status="PASS">
          <reporter-output>
          </reporter-output>
        </test-method> <!-- base -->
      </class> <!-- groceryDelivery.Blinkit -->
      <class name="foodDelivery.Swiggy">
        <test-method is-config="true" signature="track()[pri:0, instance:foodDelivery.Swiggy@76508ed1]" started-at="2022-08-25T09:50:15 IST" name="track" finished-at="2022-08-25T09:50:15 IST" duration-ms="0" status="PASS">
          <reporter-output>
          </reporter-output>
        </test-method> <!-- track -->
      </class> <!-- foodDelivery.Swiggy -->
      <class name="foodDelivery.Zomato">
        <test-method is-config="true" signature="f8()[pri:0, instance:foodDelivery.Zomato@49b0b76]" started-at="2022-08-25T09:50:15 IST" name="f8" finished-at="2022-08-25T09:50:15 IST" duration-ms="8" status="PASS">
          <reporter-output>
          </reporter-output>
        </test-method> <!-- f8 -->
        <test-method is-config="true" signature="f9()[pri:0, instance:foodDelivery.Zomato@49b0b76]" started-at="2022-08-25T09:50:15 IST" name="f9" finished-at="2022-08-25T09:50:15 IST" duration-ms="1" status="PASS">
          <reporter-output>
          </reporter-output>
        </test-method> <!-- f9 -->
      </class> <!-- foodDelivery.Zomato -->
    </test> <!-- Smoke Test -->
  </suite> <!-- Regression Suite -->
</testng-results>
